tutorial-3-cameracontrol/openCVTutorial3CameraControl/build/outputs/logs/manifest-merger-debug-report.txt
-- Merging decision tree log ---
manifest
ADDED from AndroidManifest.xml:2:1
	package
		ADDED from AndroidManifest.xml:3:11
		INJECTED from AndroidManifest.xml:0:0
		INJECTED from AndroidManifest.xml:0:0
	android:versionName
		ADDED from AndroidManifest.xml:5:11
	android:versionCode
		ADDED from AndroidManifest.xml:4:11
		INJECTED from AndroidManifest.xml:0:0
		INJECTED from AndroidManifest.xml:0:0
	xmlns:android
		ADDED from AndroidManifest.xml:2:11
application
ADDED from AndroidManifest.xml:7:5
	android:label
		ADDED from AndroidManifest.xml:8:9
	android:icon
		ADDED from AndroidManifest.xml:9:9
	android:theme
		ADDED from AndroidManifest.xml:10:9
activity#org.opencv.samples.tutorial3.Tutorial3Activity
ADDED from AndroidManifest.xml:12:9
	android:screenOrientation
		ADDED from AndroidManifest.xml:14:19
	android:label
		ADDED from AndroidManifest.xml:13:19
	android:configChanges
		ADDED from AndroidManifest.xml:15:19
	android:name
		ADDED from AndroidManifest.xml:12:19
intent-filter#android.intent.action.MAIN+android.intent.category.LAUNCHER
ADDED from AndroidManifest.xml:16:13
action#android.intent.action.MAIN
ADDED from AndroidManifest.xml:17:17
	android:name
		ADDED from AndroidManifest.xml:17:25
category#android.intent.category.LAUNCHER
ADDED from AndroidManifest.xml:18:17
	android:name
		ADDED from AndroidManifest.xml:18:27
supports-screens
ADDED from AndroidManifest.xml:23:5
	android:largeScreens
		ADDED from AndroidManifest.xml:26:23
	android:smallScreens
		ADDED from AndroidManifest.xml:24:23
	android:normalScreens
		ADDED from AndroidManifest.xml:25:23
	android:resizeable
		ADDED from AndroidManifest.xml:23:23
	android:anyDensity
		ADDED from AndroidManifest.xml:27:23
uses-sdk
ADDED from AndroidManifest.xml:29:5
MERGED from tutorial-3-cameracontrol:openCVLibrary2410:unspecified:7:5
	android:targetSdkVersion
		INJECTED from AndroidManifest.xml:0:0
		INJECTED from AndroidManifest.xml:0:0
	android:minSdkVersion
		ADDED from AndroidManifest.xml:29:15
		INJECTED from AndroidManifest.xml:0:0
		INJECTED from AndroidManifest.xml:0:0
uses-permission#android.permission.CAMERA
ADDED from AndroidManifest.xml:31:5
	android:name
		ADDED from AndroidManifest.xml:31:22
uses-feature#android.hardware.camera
ADDED from AndroidManifest.xml:33:5
	android:required
		ADDED from AndroidManifest.xml:33:58
	android:name
		ADDED from AndroidManifest.xml:33:19
uses-feature#android.hardware.camera.autofocus
ADDED from AndroidManifest.xml:34:5
	android:required
		ADDED from AndroidManifest.xml:34:68
	android:name
		ADDED from AndroidManifest.xml:34:19
uses-feature#android.hardware.camera.front
ADDED from AndroidManifest.xml:35:5
	android:required
		ADDED from AndroidManifest.xml:35:64
	android:name
		ADDED from AndroidManifest.xml:35:19
uses-feature#android.hardware.camera.front.autofocus
ADDED from AndroidManifest.xml:36:5
	android:required
		ADDED from AndroidManifest.xml:36:74
	android:name
		ADDED from AndroidManifest.xml:36:19
uses-permission#android.permission.WRITE_EXTERNAL_STORAGE
ADDED from AndroidManifest.xml:37:5
	android:name
		ADDED from AndroidManifest.xml:37:22